<?xml version="1.0" encoding="UTF-8"?>
<testsuite name="org.example.PositiveNumberTest" tests="2" skipped="0" failures="0" errors="0" timestamp="2024-03-02T08:24:24" hostname="DESKTOP-MCMP3VQ" time="0.091">
  <properties/>
  <testcase name="[1] 0" classname="org.example.PositiveNumberTest" time="0.086"/>
  <testcase name="[2] -1" classname="org.example.PositiveNumberTest" time="0.001"/>
  <system-out><![CDATA[]]></system-out>
  <system-err><![CDATA[]]></system-err>
</testsuite>
